<?xml version="1.0" encoding="UTF-8"?>
<testng-results skipped="0" failed="1" total="1" passed="0">
  <reporter-output>
  </reporter-output>
  <suite name="Suite" duration-ms="7228" started-at="2017-07-06T06:19:34Z" finished-at="2017-07-06T06:19:41Z">
    <groups>
    </groups>
    <test name="Test" duration-ms="7228" started-at="2017-07-06T06:19:34Z" finished-at="2017-07-06T06:19:41Z">
      <class name="com.ExtractDocument.ExtractDocument">
        <test-method status="PASS" signature="TestSetup()[pri:0, instance:com.ExtractDocument.ExtractDocument@78c730]" name="TestSetup" is-config="true" duration-ms="7170" started-at="2017-07-06T11:49:34Z" finished-at="2017-07-06T11:49:41Z">
          <reporter-output>
          </reporter-output>
        </test-method> <!-- TestSetup -->
        <test-method status="FAIL" signature="TestRun()[pri:0, instance:com.ExtractDocument.ExtractDocument@78c730]" name="TestRun" duration-ms="10" started-at="2017-07-06T11:49:41Z" finished-at="2017-07-06T11:49:41Z">
          <exception class="java.io.FileNotFoundException">
            <message>
              <![CDATA[C:\Users\Admin\workspace\Practise\Excel Sheet.xlsx (The system cannot find the path specified)]]>
            </message>
            <full-stacktrace>
              <![CDATA[java.io.FileNotFoundException: C:\Users\Admin\workspace\Practise\Excel Sheet.xlsx (The system cannot find the path specified)
	at java.io.FileInputStream.open0(Native Method)
	at java.io.FileInputStream.open(Unknown Source)
	at java.io.FileInputStream.<init>(Unknown Source)
	at com.ExtractDocument.ExtractDocument.TestRun(ExtractDocument.java:54)
	at sun.reflect.NativeMethodAccessorImpl.invoke0(Native Method)
	at sun.reflect.NativeMethodAccessorImpl.invoke(Unknown Source)
	at sun.reflect.DelegatingMethodAccessorImpl.invoke(Unknown Source)
	at java.lang.reflect.Method.invoke(Unknown Source)
	at org.testng.internal.MethodInvocationHelper.invokeMethod(MethodInvocationHelper.java:85)
	at org.testng.internal.Invoker.invokeMethod(Invoker.java:639)
	at org.testng.internal.Invoker.invokeTestMethod(Invoker.java:816)
	at org.testng.internal.Invoker.invokeTestMethods(Invoker.java:1124)
	at org.testng.internal.TestMethodWorker.invokeTestMethods(TestMethodWorker.java:125)
	at org.testng.internal.TestMethodWorker.run(TestMethodWorker.java:108)
	at org.testng.TestRunner.privateRun(TestRunner.java:774)
	at org.testng.TestRunner.run(TestRunner.java:624)
	at org.testng.SuiteRunner.runTest(SuiteRunner.java:359)
	at org.testng.SuiteRunner.runSequentially(SuiteRunner.java:354)
	at org.testng.SuiteRunner.privateRun(SuiteRunner.java:312)
	at org.testng.SuiteRunner.run(SuiteRunner.java:261)
	at org.testng.SuiteRunnerWorker.runSuite(SuiteRunnerWorker.java:52)
	at org.testng.SuiteRunnerWorker.run(SuiteRunnerWorker.java:86)
	at org.testng.TestNG.runSuitesSequentially(TestNG.java:1215)
	at org.testng.TestNG.runSuitesLocally(TestNG.java:1140)
	at org.testng.TestNG.run(TestNG.java:1048)
	at org.testng.remote.AbstractRemoteTestNG.run(AbstractRemoteTestNG.java:132)
	at org.testng.remote.RemoteTestNG.initAndRun(RemoteTestNG.java:230)
	at org.testng.remote.RemoteTestNG.main(RemoteTestNG.java:76)
]]>
            </full-stacktrace>
          </exception> <!-- java.io.FileNotFoundException -->
          <reporter-output>
          </reporter-output>
        </test-method> <!-- TestRun -->
      </class> <!-- com.ExtractDocument.ExtractDocument -->
    </test> <!-- Test -->
  </suite> <!-- Suite -->
</testng-results>
