<?xml version="1.0" encoding="UTF-8"?>
<!-- Generated by org.testng.reporters.JUnitXMLReporter -->
<testsuite hostname="kansoft10" name="Test" tests="1" failures="1" timestamp="6 Jul 2017 06:19:41 GMT" time="7.228" errors="0">
  <testcase name="TestRun" time="0.01" classname="com.ExtractDocument.ExtractDocument">
    <failure type="java.io.FileNotFoundException" message="C:\Users\Admin\workspace\Practise\Excel Sheet.xlsx (The system cannot find the path specified)">
      <![CDATA[java.io.FileNotFoundException: C:\Users\Admin\workspace\Practise\Excel Sheet.xlsx (The system cannot find the path specified)
	at java.io.FileInputStream.open0(Native Method)
	at java.io.FileInputStream.open(Unknown Source)
	at java.io.FileInputStream.<init>(Unknown Source)
	at com.ExtractDocument.ExtractDocument.TestRun(ExtractDocument.java:54)
... Removed 24 stack frames]]>
    </failure>
  </testcase> <!-- TestRun -->
</testsuite> <!-- Test -->
